[+] Containers:
 |- [+] Container: /Game/GameMap
 |   |- [+] ActorDescs:
 |   |   |- Guid:0813A08F45028FFCF539429D697DFBF2 BaseClass: NativeClass:/Script/Engine.StaticMeshActor Name:StaticMeshActor_UAID_F48E38F3A7EFEBE301_1402499232 Label:EastWall SpatiallyLoaded:1 Bounds:IsValid=true, Min=(X=-590.000 Y=-510.000 Z=-120.000), Max=(X=-490.000 Y=4990.000 Z=880.000) RuntimeGrid:None EditorOnly:0 RuntimeOnly:0 HLODRelevant:1 ListedInSceneOutliner:1 IsMainWorldOnly:0
 |   |   |- Guid:0A3C87604C59096B43ED46BCB857594B BaseClass: NativeClass:/Script/Engine.PlayerStart Name:PlayerStart_0 Label:PlayerStart SpatiallyLoaded:0 Bounds:IsValid=true, Min=(X=860.000 Y=3740.000 Z=0.013), Max=(X=940.000 Y=3820.000 Z=184.013) RuntimeGrid:None EditorOnly:0 RuntimeOnly:0 HLODRelevant:0 ListedInSceneOutliner:1 IsMainWorldOnly:0
 |   |   |- Guid:25353E6B4C7DFB194F5874A0BE604518 BaseClass: NativeClass:/Script/Engine.ExponentialHeightFog Name:ExponentialHeightFog_0 Label:ExponentialHeightFog SpatiallyLoaded:0 Bounds:IsValid=true, Min=(X=-5600.000 Y=-50.000 Z=-6850.000), Max=(X=-5600.000 Y=-50.000 Z=-6850.000) RuntimeGrid:None EditorOnly:0 RuntimeOnly:0 HLODRelevant:0 ListedInSceneOutliner:1 IsMainWorldOnly:0 FolderPath:Lighting FolderGuid:0BA5F0A04EADB18E70D5B180D08FA34B
 |   |   |- Guid:41E822B34FEA9C4085461B9B7ED3C6F2 BaseClass: NativeClass:/Script/Engine.VolumetricCloud Name:VolumetricCloud_0 Label:VolumetricCloud SpatiallyLoaded:0 Bounds:IsValid=true, Min=(X=0.000 Y=0.000 Z=820.000), Max=(X=0.000 Y=0.000 Z=820.000) RuntimeGrid:None EditorOnly:0 RuntimeOnly:0 HLODRelevant:0 ListedInSceneOutliner:1 IsMainWorldOnly:0 FolderPath:Lighting FolderGuid:0BA5F0A04EADB18E70D5B180D08FA34B
 |   |   |- Guid:516C88974C75D92A08C74DA4964F0011 BaseClass: NativeClass:/Script/Engine.WorldDataLayers Name:WorldDataLayers Label:WorldDataLayers SpatiallyLoaded:0 Bounds:Invalid RuntimeGrid:None EditorOnly:0 RuntimeOnly:0 HLODRelevant:0 ListedInSceneOutliner:1 IsMainWorldOnly:1
 |   |   |- Guid:6CD0C8C943073F734C199699CEAB17EB BaseClass: NativeClass:/Script/Engine.SkyLight Name:SkyLight_0 Label:SkyLight SpatiallyLoaded:0 Bounds:IsValid=true, Min=(X=0.000 Y=0.000 Z=690.000), Max=(X=0.000 Y=0.000 Z=690.000) RuntimeGrid:None EditorOnly:0 RuntimeOnly:0 HLODRelevant:0 ListedInSceneOutliner:1 IsMainWorldOnly:0 FolderPath:Lighting FolderGuid:0BA5F0A04EADB18E70D5B180D08FA34B
 |   |   |- Guid:71A9D5B2422EB8CAA4E2FE8A28069D51 BaseClass: NativeClass:/Script/Engine.PostProcessVolume Name:PostProcessVolume_0 Label:PostProcessVolume SpatiallyLoaded:0 Bounds:IsValid=true, Min=(X=0.000 Y=0.000 Z=400.000), Max=(X=200.000 Y=200.000 Z=600.000) RuntimeGrid:None EditorOnly:0 RuntimeOnly:0 HLODRelevant:0 ListedInSceneOutliner:1 IsMainWorldOnly:0 FolderPath:Lighting FolderGuid:0BA5F0A04EADB18E70D5B180D08FA34B
 |   |   |- Guid:7595A96F43C3698BFBB2F4A152173840 BaseClass: NativeClass:/Script/Engine.DirectionalLight Name:DirectionalLight_1 Label:DirectionalLight SpatiallyLoaded:0 Bounds:IsValid=true, Min=(X=-4398046511104.000 Y=-4398046511104.000 Z=-4398046511104.000), Max=(X=4398046511104.000 Y=4398046511104.000 Z=4398046511104.000) RuntimeGrid:None EditorOnly:0 RuntimeOnly:0 HLODRelevant:0 ListedInSceneOutliner:1 IsMainWorldOnly:0 FolderPath:Lighting FolderGuid:0BA5F0A04EADB18E70D5B180D08FA34B
 |   |   |- Guid:852DF2304BB5F267261A538BC7997A9B BaseClass: NativeClass:/Script/Engine.StaticMeshActor Name:StaticMeshActor_UAID_F48E38F3A7EFEBE301_1505868233 Label:WestWall SpatiallyLoaded:1 Bounds:IsValid=true, Min=(X=4430.000 Y=-510.000 Z=-120.000), Max=(X=4530.000 Y=4990.000 Z=880.000) RuntimeGrid:None EditorOnly:0 RuntimeOnly:0 HLODRelevant:1 ListedInSceneOutliner:1 IsMainWorldOnly:0
 |   |   |- Guid:9738F2944765C5A2BF1687880F906996 BaseClass: NativeClass:/Script/Engine.StaticMeshActor Name:StaticMeshActor_UAID_A4AE111137DC5EFB00_2001720423 Label:SM_SkySphere SpatiallyLoaded:0 Bounds:IsValid=true, Min=(X=-1638400.000 Y=-1638400.000 Z=-1638400.000), Max=(X=1638400.000 Y=1638400.000 Z=1638400.000) RuntimeGrid:None EditorOnly:0 RuntimeOnly:0 HLODRelevant:1 ListedInSceneOutliner:1 IsMainWorldOnly:0 FolderPath:Lighting FolderGuid:0BA5F0A04EADB18E70D5B180D08FA34B
 |   |   |- Guid:9DCA963A47872FB7AF102EABADFDC78E BaseClass: NativeClass:/Script/Engine.StaticMeshActor Name:StaticMeshActor_UAID_F48E38F3A7EFEBE301_1151559231 Label:NorthWall SpatiallyLoaded:1 Bounds:IsValid=true, Min=(X=-620.000 Y=4460.000 Z=-120.000), Max=(X=4880.000 Y=4560.000 Z=880.000) RuntimeGrid:None EditorOnly:0 RuntimeOnly:0 HLODRelevant:1 ListedInSceneOutliner:1 IsMainWorldOnly:0
 |   |   |- Guid:A138EC4345B941F716A4C889B645AE26 BaseClass: NativeClass:/Script/Engine.StaticMeshActor Name:StaticMeshActor_UAID_F48E38F3A7EFC4E101_1963150256 Label:Floor SpatiallyLoaded:1 Bounds:IsValid=true, Min=(X=-490.000 Y=-440.000 Z=-140.000), Max=(X=4510.000 Y=4560.000 Z=-90.000) RuntimeGrid:None EditorOnly:0 RuntimeOnly:0 HLODRelevant:1 ListedInSceneOutliner:1 IsMainWorldOnly:0
 |   |   |- Guid:E2D4A72F43830D766AE9E8AE7AF6C0E4 BaseClass:/Game/Blueprints/MineGrid.MineGrid_C NativeClass:/Script/Engine.Actor Name:MineGrid_C_UAID_F48E38F3A7EFC4E101_1101388255 Label:MineGrid SpatiallyLoaded:1 Bounds:IsValid=true, Min=(X=0.000 Y=0.000 Z=0.000), Max=(X=0.000 Y=0.000 Z=0.000) RuntimeGrid:None EditorOnly:0 RuntimeOnly:0 HLODRelevant:0 ListedInSceneOutliner:1 IsMainWorldOnly:0
 |   |   |- Guid:F5EB2FBC4F5BAEFF2029F1A7E5C7AE28 BaseClass: NativeClass:/Script/Engine.SkyAtmosphere Name:SkyAtmosphere_0 Label:SkyAtmosphere SpatiallyLoaded:0 Bounds:IsValid=true, Min=(X=0.000 Y=0.000 Z=1020.000), Max=(X=0.000 Y=0.000 Z=1020.000) RuntimeGrid:None EditorOnly:0 RuntimeOnly:0 HLODRelevant:0 ListedInSceneOutliner:1 IsMainWorldOnly:0 FolderPath:Lighting FolderGuid:0BA5F0A04EADB18E70D5B180D08FA34B
 |   |   |- Guid:F5F260B549962EDD90A430AA9318D479 BaseClass: NativeClass:/Script/Engine.StaticMeshActor Name:StaticMeshActor_UAID_F48E38F3A7EFEBE301_1534225234 Label:NorthWall2 SpatiallyLoaded:1 Bounds:IsValid=true, Min=(X=-620.000 Y=-440.000 Z=-120.000), Max=(X=4880.000 Y=-340.000 Z=880.000) RuntimeGrid:None EditorOnly:0 RuntimeOnly:0 HLODRelevant:1 ListedInSceneOutliner:1 IsMainWorldOnly:0
 |   |- [+] Clusters:
 |   |   |- [+] [  0]
 |   |   |   |- Guid:0813A08F45028FFCF539429D697DFBF2 BaseClass: NativeClass:/Script/Engine.StaticMeshActor Name:StaticMeshActor_UAID_F48E38F3A7EFEBE301_1402499232 Label:EastWall SpatiallyLoaded:1 Bounds:IsValid=true, Min=(X=-590.000 Y=-510.000 Z=-120.000), Max=(X=-490.000 Y=4990.000 Z=880.000) RuntimeGrid:None EditorOnly:0 RuntimeOnly:0 HLODRelevant:1 ListedInSceneOutliner:1 IsMainWorldOnly:0
 |   |   |- [+] [  1]
 |   |   |   |- Guid:0A3C87604C59096B43ED46BCB857594B BaseClass: NativeClass:/Script/Engine.PlayerStart Name:PlayerStart_0 Label:PlayerStart SpatiallyLoaded:0 Bounds:IsValid=true, Min=(X=860.000 Y=3740.000 Z=0.013), Max=(X=940.000 Y=3820.000 Z=184.013) RuntimeGrid:None EditorOnly:0 RuntimeOnly:0 HLODRelevant:0 ListedInSceneOutliner:1 IsMainWorldOnly:0
 |   |   |- [+] [  2]
 |   |   |   |- Guid:25353E6B4C7DFB194F5874A0BE604518 BaseClass: NativeClass:/Script/Engine.ExponentialHeightFog Name:ExponentialHeightFog_0 Label:ExponentialHeightFog SpatiallyLoaded:0 Bounds:IsValid=true, Min=(X=-5600.000 Y=-50.000 Z=-6850.000), Max=(X=-5600.000 Y=-50.000 Z=-6850.000) RuntimeGrid:None EditorOnly:0 RuntimeOnly:0 HLODRelevant:0 ListedInSceneOutliner:1 IsMainWorldOnly:0 FolderPath:Lighting FolderGuid:0BA5F0A04EADB18E70D5B180D08FA34B
 |   |   |- [+] [  3]
 |   |   |   |- Guid:41E822B34FEA9C4085461B9B7ED3C6F2 BaseClass: NativeClass:/Script/Engine.VolumetricCloud Name:VolumetricCloud_0 Label:VolumetricCloud SpatiallyLoaded:0 Bounds:IsValid=true, Min=(X=0.000 Y=0.000 Z=820.000), Max=(X=0.000 Y=0.000 Z=820.000) RuntimeGrid:None EditorOnly:0 RuntimeOnly:0 HLODRelevant:0 ListedInSceneOutliner:1 IsMainWorldOnly:0 FolderPath:Lighting FolderGuid:0BA5F0A04EADB18E70D5B180D08FA34B
 |   |   |- [+] [  4]
 |   |   |   |- Guid:516C88974C75D92A08C74DA4964F0011 BaseClass: NativeClass:/Script/Engine.WorldDataLayers Name:WorldDataLayers Label:WorldDataLayers SpatiallyLoaded:0 Bounds:Invalid RuntimeGrid:None EditorOnly:0 RuntimeOnly:0 HLODRelevant:0 ListedInSceneOutliner:1 IsMainWorldOnly:1
 |   |   |- [+] [  5]
 |   |   |   |- Guid:6CD0C8C943073F734C199699CEAB17EB BaseClass: NativeClass:/Script/Engine.SkyLight Name:SkyLight_0 Label:SkyLight SpatiallyLoaded:0 Bounds:IsValid=true, Min=(X=0.000 Y=0.000 Z=690.000), Max=(X=0.000 Y=0.000 Z=690.000) RuntimeGrid:None EditorOnly:0 RuntimeOnly:0 HLODRelevant:0 ListedInSceneOutliner:1 IsMainWorldOnly:0 FolderPath:Lighting FolderGuid:0BA5F0A04EADB18E70D5B180D08FA34B
 |   |   |- [+] [  6]
 |   |   |   |- Guid:71A9D5B2422EB8CAA4E2FE8A28069D51 BaseClass: NativeClass:/Script/Engine.PostProcessVolume Name:PostProcessVolume_0 Label:PostProcessVolume SpatiallyLoaded:0 Bounds:IsValid=true, Min=(X=0.000 Y=0.000 Z=400.000), Max=(X=200.000 Y=200.000 Z=600.000) RuntimeGrid:None EditorOnly:0 RuntimeOnly:0 HLODRelevant:0 ListedInSceneOutliner:1 IsMainWorldOnly:0 FolderPath:Lighting FolderGuid:0BA5F0A04EADB18E70D5B180D08FA34B
 |   |   |- [+] [  7]
 |   |   |   |- Guid:7595A96F43C3698BFBB2F4A152173840 BaseClass: NativeClass:/Script/Engine.DirectionalLight Name:DirectionalLight_1 Label:DirectionalLight SpatiallyLoaded:0 Bounds:IsValid=true, Min=(X=-4398046511104.000 Y=-4398046511104.000 Z=-4398046511104.000), Max=(X=4398046511104.000 Y=4398046511104.000 Z=4398046511104.000) RuntimeGrid:None EditorOnly:0 RuntimeOnly:0 HLODRelevant:0 ListedInSceneOutliner:1 IsMainWorldOnly:0 FolderPath:Lighting FolderGuid:0BA5F0A04EADB18E70D5B180D08FA34B
 |   |   |- [+] [  8]
 |   |   |   |- Guid:852DF2304BB5F267261A538BC7997A9B BaseClass: NativeClass:/Script/Engine.StaticMeshActor Name:StaticMeshActor_UAID_F48E38F3A7EFEBE301_1505868233 Label:WestWall SpatiallyLoaded:1 Bounds:IsValid=true, Min=(X=4430.000 Y=-510.000 Z=-120.000), Max=(X=4530.000 Y=4990.000 Z=880.000) RuntimeGrid:None EditorOnly:0 RuntimeOnly:0 HLODRelevant:1 ListedInSceneOutliner:1 IsMainWorldOnly:0
 |   |   |- [+] [  9]
 |   |   |   |- Guid:9738F2944765C5A2BF1687880F906996 BaseClass: NativeClass:/Script/Engine.StaticMeshActor Name:StaticMeshActor_UAID_A4AE111137DC5EFB00_2001720423 Label:SM_SkySphere SpatiallyLoaded:0 Bounds:IsValid=true, Min=(X=-1638400.000 Y=-1638400.000 Z=-1638400.000), Max=(X=1638400.000 Y=1638400.000 Z=1638400.000) RuntimeGrid:None EditorOnly:0 RuntimeOnly:0 HLODRelevant:1 ListedInSceneOutliner:1 IsMainWorldOnly:0 FolderPath:Lighting FolderGuid:0BA5F0A04EADB18E70D5B180D08FA34B
 |   |   |- [+] [ 10]
 |   |   |   |- Guid:9DCA963A47872FB7AF102EABADFDC78E BaseClass: NativeClass:/Script/Engine.StaticMeshActor Name:StaticMeshActor_UAID_F48E38F3A7EFEBE301_1151559231 Label:NorthWall SpatiallyLoaded:1 Bounds:IsValid=true, Min=(X=-620.000 Y=4460.000 Z=-120.000), Max=(X=4880.000 Y=4560.000 Z=880.000) RuntimeGrid:None EditorOnly:0 RuntimeOnly:0 HLODRelevant:1 ListedInSceneOutliner:1 IsMainWorldOnly:0
 |   |   |- [+] [ 11]
 |   |   |   |- Guid:A138EC4345B941F716A4C889B645AE26 BaseClass: NativeClass:/Script/Engine.StaticMeshActor Name:StaticMeshActor_UAID_F48E38F3A7EFC4E101_1963150256 Label:Floor SpatiallyLoaded:1 Bounds:IsValid=true, Min=(X=-490.000 Y=-440.000 Z=-140.000), Max=(X=4510.000 Y=4560.000 Z=-90.000) RuntimeGrid:None EditorOnly:0 RuntimeOnly:0 HLODRelevant:1 ListedInSceneOutliner:1 IsMainWorldOnly:0
 |   |   |- [+] [ 12]
 |   |   |   |- Guid:E2D4A72F43830D766AE9E8AE7AF6C0E4 BaseClass:/Game/Blueprints/MineGrid.MineGrid_C NativeClass:/Script/Engine.Actor Name:MineGrid_C_UAID_F48E38F3A7EFC4E101_1101388255 Label:MineGrid SpatiallyLoaded:1 Bounds:IsValid=true, Min=(X=0.000 Y=0.000 Z=0.000), Max=(X=0.000 Y=0.000 Z=0.000) RuntimeGrid:None EditorOnly:0 RuntimeOnly:0 HLODRelevant:0 ListedInSceneOutliner:1 IsMainWorldOnly:0
 |   |   |- [+] [ 13]
 |   |   |   |- Guid:F5EB2FBC4F5BAEFF2029F1A7E5C7AE28 BaseClass: NativeClass:/Script/Engine.SkyAtmosphere Name:SkyAtmosphere_0 Label:SkyAtmosphere SpatiallyLoaded:0 Bounds:IsValid=true, Min=(X=0.000 Y=0.000 Z=1020.000), Max=(X=0.000 Y=0.000 Z=1020.000) RuntimeGrid:None EditorOnly:0 RuntimeOnly:0 HLODRelevant:0 ListedInSceneOutliner:1 IsMainWorldOnly:0 FolderPath:Lighting FolderGuid:0BA5F0A04EADB18E70D5B180D08FA34B
 |   |   |- [+] [ 14]
 |   |   |   |- Guid:F5F260B549962EDD90A430AA9318D479 BaseClass: NativeClass:/Script/Engine.StaticMeshActor Name:StaticMeshActor_UAID_F48E38F3A7EFEBE301_1534225234 Label:NorthWall2 SpatiallyLoaded:1 Bounds:IsValid=true, Min=(X=-620.000 Y=-440.000 Z=-120.000), Max=(X=4880.000 Y=-340.000 Z=880.000) RuntimeGrid:None EditorOnly:0 RuntimeOnly:0 HLODRelevant:1 ListedInSceneOutliner:1 IsMainWorldOnly:0
 |- ContainerInstances:
 |- [+] MainContainer:
 |   |-        ID: 00000000000000000000000000000000
 |   |-  ParentID: 00000000000000000000000000000000
 |   |-    Bounds: IsValid=false, Min=(X=0.000 Y=0.000 Z=0.000), Max=(X=0.000 Y=0.000 Z=0.000)
 |   |- Transform: 0.000000,0.000000,0.000000|0.000000,0.000000,-0.000000|1.000000,1.000000,1.000000
 |   |- Container: /Game/GameMap
----------------------------------------------------------------------------------------------------------------
GameMap - Persistent Level
----------------------------------------------------------------------------------------------------------------
[+] Content of GameMap Persistent Level
 |- Always loaded Actor Count: 22 
 |- Actor Path: /Game/GameMap.GameMap:PersistentLevel.AbstractNavData-Default
 |- Actor Package: /Game/GameMap
 |- Actor Path: /Game/GameMap.GameMap:PersistentLevel.Brush_0
 |- Actor Package: /Game/GameMap
 |- Actor Path: /Game/GameMap.GameMap:PersistentLevel.DefaultPhysicsVolume_0
 |- Actor Package: /Game/GameMap
 |- Actor Path: /Game/GameMap.GameMap:PersistentLevel.DirectionalLight_1
 |- Actor Package: /Game/__ExternalActors__/GameMap/5/L2/NZ2F6G25FZI1QJU3V592FY
 |- Actor Path: /Game/GameMap.GameMap:PersistentLevel.ExponentialHeightFog_0
 |- Actor Package: /Game/__ExternalActors__/GameMap/A/OW/JEEVW2XF0EKAA2RXOS3EBF
 |- Actor Path: /Game/GameMap.GameMap:PersistentLevel.GameMap_C_1
 |- Actor Package: /Game/GameMap
 |- Actor Path: /Game/GameMap.GameMap:PersistentLevel.GameplayDebuggerPlayerManager_0
 |- Actor Package: /Game/GameMap
 |- Actor Path: /Game/GameMap.GameMap:PersistentLevel.MineGrid_C_UAID_F48E38F3A7EFC4E101_1101388255
 |- Actor Package: /Game/__ExternalActors__/GameMap/5/E7/01ETF6VYI3FWJ7MNRQS4N4
 |- Actor Path: /Game/GameMap.GameMap:PersistentLevel.PlayerStart_0
 |- Actor Package: /Game/__ExternalActors__/GameMap/5/30/ID0EV9A56ZZGLA1D1VENP0
 |- Actor Path: /Game/GameMap.GameMap:PersistentLevel.PostProcessVolume_0
 |- Actor Package: /Game/__ExternalActors__/GameMap/6/G0/LB1RODX1287PDGZ6CEWOSP
 |- Actor Path: /Game/GameMap.GameMap:PersistentLevel.SkyAtmosphere_0
 |- Actor Package: /Game/__ExternalActors__/GameMap/B/QR/BZXCBXOX259IIR8MT11O07
 |- Actor Path: /Game/GameMap.GameMap:PersistentLevel.SkyLight_0
 |- Actor Package: /Game/__ExternalActors__/GameMap/A/YA/OB4TOUSOSKI24J0OTO2OVC
 |- Actor Path: /Game/GameMap.GameMap:PersistentLevel.StaticMeshActor_UAID_A4AE111137DC5EFB00_2001720423
 |- Actor Package: /Game/__ExternalActors__/GameMap/E/X1/EERHXZAVMGEROFNAJ0QO5V
 |- Actor Path: /Game/GameMap.GameMap:PersistentLevel.StaticMeshActor_UAID_F48E38F3A7EFC4E101_1963150256
 |- Actor Package: /Game/__ExternalActors__/GameMap/F/0S/0ZRAJUG368BIA48I6T9B62
 |- Actor Path: /Game/GameMap.GameMap:PersistentLevel.StaticMeshActor_UAID_F48E38F3A7EFEBE301_1151559231
 |- Actor Package: /Game/__ExternalActors__/GameMap/8/4H/84VD86AGL4VESES6ZNNNAN
 |- Actor Path: /Game/GameMap.GameMap:PersistentLevel.StaticMeshActor_UAID_F48E38F3A7EFEBE301_1402499232
 |- Actor Package: /Game/__ExternalActors__/GameMap/C/OF/ON9OGJ25L41HOR6J377HUB
 |- Actor Path: /Game/GameMap.GameMap:PersistentLevel.StaticMeshActor_UAID_F48E38F3A7EFEBE301_1505868233
 |- Actor Package: /Game/__ExternalActors__/GameMap/3/8E/9I6VU0UX8OUH94SLNA3Y73
 |- Actor Path: /Game/GameMap.GameMap:PersistentLevel.StaticMeshActor_UAID_F48E38F3A7EFEBE301_1534225234
 |- Actor Package: /Game/__ExternalActors__/GameMap/1/AJ/MNVI7F6317TKQWQQRXYT7B
 |- Actor Path: /Game/GameMap.GameMap:PersistentLevel.VolumetricCloud_0
 |- Actor Package: /Game/__ExternalActors__/GameMap/6/DN/KRD2IYOZ5L0TWI2GKCG0PV
 |- Actor Path: /Game/GameMap.GameMap:PersistentLevel.WorldDataLayers
 |- Actor Package: /Game/__ExternalActors__/GameMap/A/GI/8K5D7I83FJU6PEQVLU4T27
 |- Actor Path: /Game/GameMap.GameMap:PersistentLevel.WorldInfo_0
 |- Actor Package: /Game/GameMap
 |- Actor Path: /Game/GameMap.GameMap:PersistentLevel.WorldPartitionMiniMap_0
 |- Actor Package: /Game/__ExternalActors__/GameMap/A/WA/R0NWV2L7IRT3CBI1DW0VBK

----------------------------------------------------------------------------------------------------------------
GameMap - Runtime Spatial Hash - Streaming Grid - MainGrid
----------------------------------------------------------------------------------------------------------------
            Origin: X=0.000 Y=0.000 Z=0.000
         Cell Size: 12800
      World Bounds: IsValid=false, Min=(X=0.000 Y=0.000 Z=0.000), Max=(X=0.000 Y=0.000 Z=0.000)
     Loading Range: 25600.00
Block Slow Loading: No
 ClientOnlyVisible: No
            Origin: X=0.000 Y=0.000 Z=0.000

[+] Grid Levels: 1
 |- Level  0: Cell Count    0 | Cell Size   12800 | Actor Count    0 (0.0%)

[+] Content of Grid Level 0

